  texture_loading.cpp
c:\users\nicolas\desktop\scripts\learnogl2\modern_ogl\missile_shooter\include\texture_loading.h(2): fatal error C1083: Cannot open include file: 'glad\glad.h': No such file or directory
  stb_image_source.cpp
c:\users\nicolas\desktop\scripts\learnogl2\modern_ogl\missile_shooter\stb_image_source.cpp(2): fatal error C1083: Cannot open include file: 'stb_image.h': No such file or directory
  Shader.cpp
c:\users\nicolas\desktop\scripts\learnogl2\modern_ogl\missile_shooter\include\shader.h(3): fatal error C1083: Cannot open include file: 'glad\glad.h': No such file or directory
  plane_tools.cpp
c:\users\nicolas\desktop\scripts\learnogl2\modern_ogl\missile_shooter\include\plane_tools.h(2): fatal error C1083: Cannot open include file: 'glad/glad.h': No such file or directory
  missile_tools.cpp
c:\users\nicolas\desktop\scripts\learnogl2\modern_ogl\missile_shooter\include\missile_tools.h(2): fatal error C1083: Cannot open include file: 'glad\glad.h': No such file or directory
  missile_object.cpp
c:\users\nicolas\desktop\scripts\learnogl2\modern_ogl\missile_shooter\include\missile_object.h(2): fatal error C1083: Cannot open include file: 'glm/glm.hpp': No such file or directory
  missile_loading.cpp
c:\users\nicolas\desktop\scripts\learnogl2\modern_ogl\missile_shooter\include\missile_loading.h(5): fatal error C1083: Cannot open include file: 'GLFW/glfw3.h': No such file or directory
  main.cpp
c:\users\nicolas\desktop\scripts\learnogl2\modern_ogl\missile_shooter\main.cpp(24): fatal error C1083: Cannot open include file: 'glad\glad.h': No such file or directory
  light_tools.cpp
c:\users\nicolas\desktop\scripts\learnogl2\modern_ogl\missile_shooter\include\light_tools.h(2): fatal error C1083: Cannot open include file: 'glad\glad.h': No such file or directory
  input_processing.cpp
c:\users\nicolas\desktop\scripts\learnogl2\modern_ogl\missile_shooter\include\input_processing.h(3): fatal error C1083: Cannot open include file: 'glad\glad.h': No such file or directory
  callbacks.cpp
c:\users\nicolas\desktop\scripts\learnogl2\modern_ogl\missile_shooter\include\callbacks.h(2): fatal error C1083: Cannot open include file: 'glad\glad.h': No such file or directory
  Generating Code...
